<?xml version="1.0" encoding="UTF-8"?>
<!-- Generated by org.testng.reporters.JUnitXMLReporter -->
<testsuite ignored="0" hostname="DESKTOP-MHRK6LP" failures="0" tests="4" name="Test" time="12.687" errors="0" timestamp="2022-10-10T20:15:01 IST">
  <testcase classname="api.tests.Usertest" name="TestPostUser" time="5.282"/>
  <testcase classname="api.tests.Usertest" name="TestGetUser" time="1.421"/>
  <testcase classname="api.tests.Usertest" name="TestPutUser" time="2.639"/>
  <testcase classname="api.tests.Usertest" name="TestDeleteUser" time="1.277"/>
</testsuite> <!-- Test -->
