<?xml version="1.0" encoding="UTF-8"?>
<!-- Generated by org.testng.reporters.JUnitXMLReporter -->
<testsuite ignored="0" hostname="DESKTOP-MHRK6LP" failures="0" tests="6" name="Surefire test" time="35.055" errors="0" timestamp="2022-10-10T21:29:26 IST">
  <testcase classname="api.tests.DataDrivenTest" name="TestPostuser" time="13.129"/>
  <testcase classname="api.tests.DataDrivenTest" name="TestPostuser" time="1.757"/>
  <testcase classname="api.tests.DataDrivenTest" name="TestPostuser" time="1.442"/>
  <testcase classname="api.tests.DataDrivenTest" name="deleteuser" time="1.654"/>
  <testcase classname="api.tests.DataDrivenTest" name="deleteuser" time="1.861"/>
  <testcase classname="api.tests.DataDrivenTest" name="deleteuser" time="4.192"/>
</testsuite> <!-- Surefire test -->
