<?xml version="1.0" encoding="UTF-8"?>
<!-- Generated by org.testng.reporters.JUnitXMLReporter -->
<testsuite ignored="0" hostname="DESKTOP-MHRK6LP" failures="0" tests="4" name="Default test" time="14.638" errors="0" timestamp="2022-10-10T20:18:10 IST">
  <testcase classname="api.tests.Usertest2" name="TestPostUser" time="5.778"/>
  <testcase classname="api.tests.Usertest2" name="TestGetUser" time="1.778"/>
  <testcase classname="api.tests.Usertest2" name="TestPutUser" time="3.543"/>
  <testcase classname="api.tests.Usertest2" name="TestDeleteUser" time="1.342"/>
</testsuite> <!-- Default test -->
