<?xml version="1.0" encoding="UTF-8"?>
<testng-results ignored="0" total="8" passed="8" failed="0" skipped="0">
  <reporter-output>
  </reporter-output>
  <suite started-at="2022-10-10T21:46:02 IST" name="PetStore" finished-at="2022-10-10T21:46:49 IST" duration-ms="46312">
    <groups>
    </groups>
    <test started-at="2022-10-10T21:46:02 IST" name="Test" finished-at="2022-10-10T21:46:49 IST" duration-ms="46312">
      <class name="api.tests.Usertest_Propfile">
        <test-method is-config="true" signature="Setup()[pri:0, instance:api.tests.Usertest_Propfile@6340e5f0]" started-at="2022-10-10T21:46:38 IST" name="Setup" finished-at="2022-10-10T21:46:38 IST" duration-ms="876" status="PASS">
          <reporter-output>
          </reporter-output>
        </test-method> <!-- Setup -->
        <test-method signature="TestPostUser()[pri:1, instance:api.tests.Usertest_Propfile@6340e5f0]" started-at="2022-10-10T21:46:38 IST" name="TestPostUser" finished-at="2022-10-10T21:46:42 IST" duration-ms="3081" status="PASS">
          <reporter-output>
          </reporter-output>
        </test-method> <!-- TestPostUser -->
        <test-method signature="TestGetUser()[pri:2, instance:api.tests.Usertest_Propfile@6340e5f0]" started-at="2022-10-10T21:46:42 IST" name="TestGetUser" finished-at="2022-10-10T21:46:43 IST" duration-ms="1444" status="PASS">
          <reporter-output>
          </reporter-output>
        </test-method> <!-- TestGetUser -->
        <test-method signature="TestPutUser()[pri:3, instance:api.tests.Usertest_Propfile@6340e5f0]" started-at="2022-10-10T21:46:43 IST" name="TestPutUser" finished-at="2022-10-10T21:46:46 IST" duration-ms="3036" status="PASS">
          <reporter-output>
          </reporter-output>
        </test-method> <!-- TestPutUser -->
        <test-method signature="TestDeleteUser()[pri:4, instance:api.tests.Usertest_Propfile@6340e5f0]" started-at="2022-10-10T21:46:46 IST" name="TestDeleteUser" finished-at="2022-10-10T21:46:49 IST" duration-ms="2546" status="PASS">
          <reporter-output>
          </reporter-output>
        </test-method> <!-- TestDeleteUser -->
      </class> <!-- api.tests.Usertest_Propfile -->
      <class name="api.tests.Usertest">
        <test-method is-config="true" signature="Setup()[pri:0, instance:api.tests.Usertest@4686afc2]" started-at="2022-10-10T21:46:06 IST" name="Setup" finished-at="2022-10-10T21:46:15 IST" duration-ms="8483" status="PASS">
          <reporter-output>
          </reporter-output>
        </test-method> <!-- Setup -->
        <test-method signature="TestPostUser()[pri:1, instance:api.tests.Usertest@4686afc2]" started-at="2022-10-10T21:46:15 IST" name="TestPostUser" finished-at="2022-10-10T21:46:30 IST" duration-ms="15729" status="PASS">
          <reporter-output>
          </reporter-output>
        </test-method> <!-- TestPostUser -->
        <test-method signature="TestGetUser()[pri:2, instance:api.tests.Usertest@4686afc2]" started-at="2022-10-10T21:46:31 IST" name="TestGetUser" finished-at="2022-10-10T21:46:32 IST" duration-ms="1849" status="PASS">
          <reporter-output>
          </reporter-output>
        </test-method> <!-- TestGetUser -->
        <test-method signature="TestPutUser()[pri:3, instance:api.tests.Usertest@4686afc2]" started-at="2022-10-10T21:46:32 IST" name="TestPutUser" finished-at="2022-10-10T21:46:36 IST" duration-ms="3764" status="PASS">
          <reporter-output>
          </reporter-output>
        </test-method> <!-- TestPutUser -->
        <test-method signature="TestDeleteUser()[pri:4, instance:api.tests.Usertest@4686afc2]" started-at="2022-10-10T21:46:36 IST" name="TestDeleteUser" finished-at="2022-10-10T21:46:38 IST" duration-ms="1479" status="PASS">
          <reporter-output>
          </reporter-output>
        </test-method> <!-- TestDeleteUser -->
      </class> <!-- api.tests.Usertest -->
    </test> <!-- Test -->
  </suite> <!-- PetStore -->
</testng-results>
