<?xml version="1.0" encoding="UTF-8"?>
<testng-results ignored="0" total="4" passed="4" failed="0" skipped="0">
  <reporter-output>
  </reporter-output>
  <suite started-at="2022-10-10T20:17:55 IST" name="Default suite" finished-at="2022-10-10T20:18:10 IST" duration-ms="14638">
    <groups>
    </groups>
    <test started-at="2022-10-10T20:17:55 IST" name="Default test" finished-at="2022-10-10T20:18:10 IST" duration-ms="14638">
      <class name="api.tests.Usertest2">
        <test-method is-config="true" signature="Setup()[pri:0, instance:api.tests.Usertest2@3bf9ce3e]" started-at="2022-10-10T20:17:55 IST" name="Setup" finished-at="2022-10-10T20:17:57 IST" duration-ms="2095" status="PASS">
          <reporter-output>
          </reporter-output>
        </test-method> <!-- Setup -->
        <test-method signature="TestPostUser()[pri:1, instance:api.tests.Usertest2@3bf9ce3e]" started-at="2022-10-10T20:17:57 IST" name="TestPostUser" finished-at="2022-10-10T20:18:03 IST" duration-ms="5778" status="PASS">
          <reporter-output>
          </reporter-output>
        </test-method> <!-- TestPostUser -->
        <test-method signature="TestGetUser()[pri:2, instance:api.tests.Usertest2@3bf9ce3e]" started-at="2022-10-10T20:18:03 IST" name="TestGetUser" finished-at="2022-10-10T20:18:05 IST" duration-ms="1778" status="PASS">
          <reporter-output>
          </reporter-output>
        </test-method> <!-- TestGetUser -->
        <test-method signature="TestPutUser()[pri:3, instance:api.tests.Usertest2@3bf9ce3e]" started-at="2022-10-10T20:18:05 IST" name="TestPutUser" finished-at="2022-10-10T20:18:09 IST" duration-ms="3543" status="PASS">
          <reporter-output>
          </reporter-output>
        </test-method> <!-- TestPutUser -->
        <test-method signature="TestDeleteUser()[pri:4, instance:api.tests.Usertest2@3bf9ce3e]" started-at="2022-10-10T20:18:09 IST" name="TestDeleteUser" finished-at="2022-10-10T20:18:10 IST" duration-ms="1342" status="PASS">
          <reporter-output>
          </reporter-output>
        </test-method> <!-- TestDeleteUser -->
      </class> <!-- api.tests.Usertest2 -->
    </test> <!-- Default test -->
  </suite> <!-- Default suite -->
</testng-results>
