<?xml version="1.0" encoding="UTF-8"?>
<!-- Generated by org.testng.reporters.JUnitXMLReporter -->
<testsuite ignored="0" hostname="DESKTOP-MHRK6LP" failures="0" tests="8" name="Test" time="46.312" errors="0" timestamp="2022-10-10T21:46:54 IST">
  <testcase classname="api.tests.Usertest" name="TestPostUser" time="15.729"/>
  <testcase classname="api.tests.Usertest" name="TestGetUser" time="1.849"/>
  <testcase classname="api.tests.Usertest" name="TestPutUser" time="3.764"/>
  <testcase classname="api.tests.Usertest" name="TestDeleteUser" time="1.479"/>
  <testcase classname="api.tests.Usertest_Propfile" name="TestPostUser" time="3.081"/>
  <testcase classname="api.tests.Usertest_Propfile" name="TestGetUser" time="1.444"/>
  <testcase classname="api.tests.Usertest_Propfile" name="TestPutUser" time="3.036"/>
  <testcase classname="api.tests.Usertest_Propfile" name="TestDeleteUser" time="2.546"/>
</testsuite> <!-- Test -->
